[debug] [2024-12-20T18:03:50.693Z] ----------------------------------------------------------------------
[debug] [2024-12-20T18:03:50.697Z] Command:       /usr/local/bin/node /usr/local/bin/firebase init
[debug] [2024-12-20T18:03:50.698Z] CLI Version:   13.29.1
[debug] [2024-12-20T18:03:50.698Z] Platform:      darwin
[debug] [2024-12-20T18:03:50.698Z] Node Version:  v22.12.0
[debug] [2024-12-20T18:03:50.699Z] Time:          Fri Dec 20 2024 19:03:50 GMT+0100 (West Africa Standard Time)
[debug] [2024-12-20T18:03:50.699Z] ----------------------------------------------------------------------
[debug] 
[debug] [2024-12-20T18:03:50.709Z] > command requires scopes: ["email","openid","https://www.googleapis.com/auth/cloudplatformprojects.readonly","https://www.googleapis.com/auth/firebase","https://www.googleapis.com/auth/cloud-platform"]
[debug] [2024-12-20T18:03:50.710Z] > authorizing via signed-in user (jeoffreyduke@gmail.com)
[info] 
     ######## #### ########  ######## ########     ###     ######  ########
     ##        ##  ##     ## ##       ##     ##  ##   ##  ##       ##
     ######    ##  ########  ######   ########  #########  ######  ######
     ##        ##  ##    ##  ##       ##     ## ##     ##       ## ##
     ##       #### ##     ## ######## ########  ##     ##  ######  ########

You're about to initialize a Firebase project in this directory:

  /Users/mac/Documents/Code/amhc

[info] 
=== Project Setup
[info] 
[info] First, let's associate this project directory with a Firebase project.
[info] You can create multiple project aliases by running firebase use --add, 
[info] but for now we'll just set up a default project.
[info] 
[debug] [2024-12-20T18:04:02.032Z] Checked if tokens are valid: true, expires at: 1734721238588
[debug] [2024-12-20T18:04:02.033Z] Checked if tokens are valid: true, expires at: 1734721238588
[debug] [2024-12-20T18:04:02.034Z] >>> [apiv2][query] GET https://firebase.googleapis.com/v1beta1/projects pageSize=100
[debug] [2024-12-20T18:04:03.335Z] <<< [apiv2][status] GET https://firebase.googleapis.com/v1beta1/projects 200
[debug] [2024-12-20T18:04:03.335Z] <<< [apiv2][body] GET https://firebase.googleapis.com/v1beta1/projects [omitted]
[info] i  Using project amhc-eb2a4 (AMHC) 
[info] 
=== Firestore Setup
[debug] [2024-12-20T18:04:04.018Z] Checked if tokens are valid: true, expires at: 1734721238588
[debug] [2024-12-20T18:04:04.018Z] Checked if tokens are valid: true, expires at: 1734721238588
[debug] [2024-12-20T18:04:04.023Z] >>> [apiv2][query] GET https://serviceusage.googleapis.com/v1/projects/amhc-eb2a4/services/firestore.googleapis.com [none]
[debug] [2024-12-20T18:04:04.023Z] >>> [apiv2][(partial)header] GET https://serviceusage.googleapis.com/v1/projects/amhc-eb2a4/services/firestore.googleapis.com x-goog-quota-user=projects/amhc-eb2a4
[debug] [2024-12-20T18:04:05.285Z] <<< [apiv2][status] GET https://serviceusage.googleapis.com/v1/projects/amhc-eb2a4/services/firestore.googleapis.com 200
[debug] [2024-12-20T18:04:05.285Z] <<< [apiv2][body] GET https://serviceusage.googleapis.com/v1/projects/amhc-eb2a4/services/firestore.googleapis.com [omitted]
[debug] [2024-12-20T18:04:05.285Z] Checked if tokens are valid: true, expires at: 1734721238588
[debug] [2024-12-20T18:04:05.286Z] Checked if tokens are valid: true, expires at: 1734721238588
[debug] [2024-12-20T18:04:05.286Z] >>> [apiv2][query] GET https://firestore.googleapis.com/v1/projects/amhc-eb2a4/databases/(default) [none]
[debug] [2024-12-20T18:04:07.035Z] <<< [apiv2][status] GET https://firestore.googleapis.com/v1/projects/amhc-eb2a4/databases/(default) 200
[debug] [2024-12-20T18:04:07.036Z] <<< [apiv2][body] GET https://firestore.googleapis.com/v1/projects/amhc-eb2a4/databases/(default) {"name":"projects/amhc-eb2a4/databases/(default)","uid":"005bffbd-e597-4f4b-8420-742170d21aab","createTime":"2024-12-20T18:03:27.630530Z","updateTime":"2024-12-20T18:03:27.630530Z","locationId":"africa-south1","type":"FIRESTORE_NATIVE","concurrencyMode":"PESSIMISTIC","versionRetentionPeriod":"3600s","earliestVersionTime":"2024-12-20T18:03:27.630530Z","appEngineIntegrationMode":"DISABLED","pointInTimeRecoveryEnablement":"POINT_IN_TIME_RECOVERY_DISABLED","deleteProtectionState":"DELETE_PROTECTION_DISABLED","etag":"IJrPx8j3tooDMMKx1rX3tooD"}
[debug] [2024-12-20T18:04:07.036Z] database_type: FIRESTORE_NATIVE
[debug] [2024-12-20T18:04:07.036Z] database_type: FIRESTORE_NATIVE
[debug] [2024-12-20T18:04:07.036Z] > command requires scopes: ["email","openid","https://www.googleapis.com/auth/cloudplatformprojects.readonly","https://www.googleapis.com/auth/firebase","https://www.googleapis.com/auth/cloud-platform"]
[debug] [2024-12-20T18:04:07.036Z] > authorizing via signed-in user (jeoffreyduke@gmail.com)
[debug] [2024-12-20T18:04:07.036Z] [iam] checking project amhc-eb2a4 for permissions ["firebase.projects.get"]
[debug] [2024-12-20T18:04:07.037Z] Checked if tokens are valid: true, expires at: 1734721238588
[debug] [2024-12-20T18:04:07.037Z] Checked if tokens are valid: true, expires at: 1734721238588
[debug] [2024-12-20T18:04:07.037Z] >>> [apiv2][query] POST https://cloudresourcemanager.googleapis.com/v1/projects/amhc-eb2a4:testIamPermissions [none]
[debug] [2024-12-20T18:04:07.037Z] >>> [apiv2][(partial)header] POST https://cloudresourcemanager.googleapis.com/v1/projects/amhc-eb2a4:testIamPermissions x-goog-quota-user=projects/amhc-eb2a4
[debug] [2024-12-20T18:04:07.037Z] >>> [apiv2][body] POST https://cloudresourcemanager.googleapis.com/v1/projects/amhc-eb2a4:testIamPermissions {"permissions":["firebase.projects.get"]}
[debug] [2024-12-20T18:04:08.224Z] <<< [apiv2][status] POST https://cloudresourcemanager.googleapis.com/v1/projects/amhc-eb2a4:testIamPermissions 200
[debug] [2024-12-20T18:04:08.225Z] <<< [apiv2][body] POST https://cloudresourcemanager.googleapis.com/v1/projects/amhc-eb2a4:testIamPermissions {"permissions":["firebase.projects.get"]}
[info] 
[info] Firestore Security Rules allow you to define how and when to allow
[info] requests. You can keep these rules in your project directory
[info] and publish them with firebase deploy.
[info] 
[debug] [2024-12-20T18:04:13.725Z] Checked if tokens are valid: true, expires at: 1734721238588
[debug] [2024-12-20T18:04:13.725Z] Checked if tokens are valid: true, expires at: 1734721238588
[debug] [2024-12-20T18:04:13.726Z] >>> [apiv2][query] GET https://firebaserules.googleapis.com/v1/projects/amhc-eb2a4/releases pageSize=10&pageToken=
[debug] [2024-12-20T18:04:14.544Z] <<< [apiv2][status] GET https://firebaserules.googleapis.com/v1/projects/amhc-eb2a4/releases 200
[debug] [2024-12-20T18:04:14.544Z] <<< [apiv2][body] GET https://firebaserules.googleapis.com/v1/projects/amhc-eb2a4/releases {"releases":[{"name":"projects/amhc-eb2a4/releases/cloud.firestore","rulesetName":"projects/amhc-eb2a4/rulesets/fef9acea-3eb3-47cb-a329-f47d0864d24c","createTime":"2024-12-20T18:03:36.181557Z","updateTime":"2024-12-20T18:03:36.181557Z"}]}
[debug] [2024-12-20T18:04:14.544Z] Found ruleset: projects/amhc-eb2a4/rulesets/fef9acea-3eb3-47cb-a329-f47d0864d24c
[debug] [2024-12-20T18:04:14.545Z] Checked if tokens are valid: true, expires at: 1734721238588
[debug] [2024-12-20T18:04:14.545Z] Checked if tokens are valid: true, expires at: 1734721238588
[debug] [2024-12-20T18:04:14.545Z] >>> [apiv2][query] GET https://firebaserules.googleapis.com/v1/projects/amhc-eb2a4/rulesets/fef9acea-3eb3-47cb-a329-f47d0864d24c [none]
[debug] [2024-12-20T18:04:15.388Z] <<< [apiv2][status] GET https://firebaserules.googleapis.com/v1/projects/amhc-eb2a4/rulesets/fef9acea-3eb3-47cb-a329-f47d0864d24c 200
[debug] [2024-12-20T18:04:15.388Z] <<< [apiv2][body] GET https://firebaserules.googleapis.com/v1/projects/amhc-eb2a4/rulesets/fef9acea-3eb3-47cb-a329-f47d0864d24c [omitted]
[info] 
[info] Firestore indexes allow you to perform complex queries while
[info] maintaining performance that scales with the size of the result
[info] set. You can keep index definitions in your project directory
[info] and publish them with firebase deploy.
[info] 
[debug] [2024-12-20T18:04:17.311Z] Checked if tokens are valid: true, expires at: 1734721238588
[debug] [2024-12-20T18:04:17.311Z] Checked if tokens are valid: true, expires at: 1734721238588
[debug] [2024-12-20T18:04:17.312Z] Checked if tokens are valid: true, expires at: 1734721238588
[debug] [2024-12-20T18:04:17.312Z] Checked if tokens are valid: true, expires at: 1734721238588
[debug] [2024-12-20T18:04:17.312Z] >>> [apiv2][query] GET https://firestore.googleapis.com/v1/projects/amhc-eb2a4/databases/(default)/collectionGroups/-/indexes [none]
[debug] [2024-12-20T18:04:17.318Z] >>> [apiv2][query] GET https://firestore.googleapis.com/v1/projects/amhc-eb2a4/databases/(default)/collectionGroups/-/fields?filter=indexConfig.usesAncestorConfig=false OR ttlConfig:* [none]
[debug] [2024-12-20T18:04:18.833Z] <<< [apiv2][status] GET https://firestore.googleapis.com/v1/projects/amhc-eb2a4/databases/(default)/collectionGroups/-/indexes 200
[debug] [2024-12-20T18:04:18.833Z] <<< [apiv2][body] GET https://firestore.googleapis.com/v1/projects/amhc-eb2a4/databases/(default)/collectionGroups/-/indexes {}
[debug] [2024-12-20T18:04:19.186Z] <<< [apiv2][status] GET https://firestore.googleapis.com/v1/projects/amhc-eb2a4/databases/(default)/collectionGroups/-/fields?filter=indexConfig.usesAncestorConfig=false OR ttlConfig:* 200
[debug] [2024-12-20T18:04:19.186Z] <<< [apiv2][body] GET https://firestore.googleapis.com/v1/projects/amhc-eb2a4/databases/(default)/collectionGroups/-/fields?filter=indexConfig.usesAncestorConfig=false OR ttlConfig:* {"fields":[{"name":"projects/amhc-eb2a4/databases/(default)/collectionGroups/__default__/fields/*","indexConfig":{"indexes":[{"queryScope":"COLLECTION","fields":[{"fieldPath":"*","order":"ASCENDING"}],"state":"READY"},{"queryScope":"COLLECTION","fields":[{"fieldPath":"*","order":"DESCENDING"}],"state":"READY"},{"queryScope":"COLLECTION","fields":[{"fieldPath":"*","arrayConfig":"CONTAINS"}],"state":"READY"}]}}]}
[info] 
=== Functions Setup
[debug] [2024-12-20T18:04:19.188Z] > command requires scopes: ["email","openid","https://www.googleapis.com/auth/cloudplatformprojects.readonly","https://www.googleapis.com/auth/firebase","https://www.googleapis.com/auth/cloud-platform"]
[debug] [2024-12-20T18:04:19.188Z] > authorizing via signed-in user (jeoffreyduke@gmail.com)
[debug] [2024-12-20T18:04:19.188Z] [iam] checking project amhc-eb2a4 for permissions ["firebase.projects.get"]
[debug] [2024-12-20T18:04:19.188Z] Checked if tokens are valid: true, expires at: 1734721238588
[debug] [2024-12-20T18:04:19.188Z] Checked if tokens are valid: true, expires at: 1734721238588
[debug] [2024-12-20T18:04:19.188Z] >>> [apiv2][query] POST https://cloudresourcemanager.googleapis.com/v1/projects/amhc-eb2a4:testIamPermissions [none]
[debug] [2024-12-20T18:04:19.188Z] >>> [apiv2][(partial)header] POST https://cloudresourcemanager.googleapis.com/v1/projects/amhc-eb2a4:testIamPermissions x-goog-quota-user=projects/amhc-eb2a4
[debug] [2024-12-20T18:04:19.188Z] >>> [apiv2][body] POST https://cloudresourcemanager.googleapis.com/v1/projects/amhc-eb2a4:testIamPermissions {"permissions":["firebase.projects.get"]}
[debug] [2024-12-20T18:04:20.278Z] <<< [apiv2][status] POST https://cloudresourcemanager.googleapis.com/v1/projects/amhc-eb2a4:testIamPermissions 200
[debug] [2024-12-20T18:04:20.279Z] <<< [apiv2][body] POST https://cloudresourcemanager.googleapis.com/v1/projects/amhc-eb2a4:testIamPermissions {"permissions":["firebase.projects.get"]}
[debug] [2024-12-20T18:04:20.279Z] Checked if tokens are valid: true, expires at: 1734721238588
[debug] [2024-12-20T18:04:20.279Z] Checked if tokens are valid: true, expires at: 1734721238588
[debug] [2024-12-20T18:04:20.279Z] Checked if tokens are valid: true, expires at: 1734721238588
[debug] [2024-12-20T18:04:20.279Z] Checked if tokens are valid: true, expires at: 1734721238588
[debug] [2024-12-20T18:04:20.280Z] >>> [apiv2][query] GET https://serviceusage.googleapis.com/v1/projects/amhc-eb2a4/services/cloudfunctions.googleapis.com [none]
[debug] [2024-12-20T18:04:20.280Z] >>> [apiv2][(partial)header] GET https://serviceusage.googleapis.com/v1/projects/amhc-eb2a4/services/cloudfunctions.googleapis.com x-goog-quota-user=projects/amhc-eb2a4
[debug] [2024-12-20T18:04:20.283Z] >>> [apiv2][query] GET https://serviceusage.googleapis.com/v1/projects/amhc-eb2a4/services/runtimeconfig.googleapis.com [none]
[debug] [2024-12-20T18:04:20.283Z] >>> [apiv2][(partial)header] GET https://serviceusage.googleapis.com/v1/projects/amhc-eb2a4/services/runtimeconfig.googleapis.com x-goog-quota-user=projects/amhc-eb2a4
[debug] [2024-12-20T18:04:21.703Z] <<< [apiv2][status] GET https://serviceusage.googleapis.com/v1/projects/amhc-eb2a4/services/runtimeconfig.googleapis.com 200
[debug] [2024-12-20T18:04:21.703Z] <<< [apiv2][body] GET https://serviceusage.googleapis.com/v1/projects/amhc-eb2a4/services/runtimeconfig.googleapis.com [omitted]
[debug] [2024-12-20T18:04:21.746Z] <<< [apiv2][status] GET https://serviceusage.googleapis.com/v1/projects/amhc-eb2a4/services/cloudfunctions.googleapis.com 200
[debug] [2024-12-20T18:04:21.746Z] <<< [apiv2][body] GET https://serviceusage.googleapis.com/v1/projects/amhc-eb2a4/services/cloudfunctions.googleapis.com [omitted]
[debug] [2024-12-20T18:04:21.747Z] Checked if tokens are valid: true, expires at: 1734721238588
[debug] [2024-12-20T18:04:21.747Z] Checked if tokens are valid: true, expires at: 1734721238588
[debug] [2024-12-20T18:04:21.747Z] >>> [apiv2][query] POST https://serviceusage.googleapis.com/v1/projects/amhc-eb2a4/services/cloudfunctions.googleapis.com:enable [none]
[debug] [2024-12-20T18:04:21.747Z] >>> [apiv2][(partial)header] POST https://serviceusage.googleapis.com/v1/projects/amhc-eb2a4/services/cloudfunctions.googleapis.com:enable x-goog-quota-user=projects/amhc-eb2a4
[debug] [2024-12-20T18:04:22.948Z] <<< [apiv2][status] POST https://serviceusage.googleapis.com/v1/projects/amhc-eb2a4/services/cloudfunctions.googleapis.com:enable 200
[debug] [2024-12-20T18:04:22.949Z] <<< [apiv2][body] POST https://serviceusage.googleapis.com/v1/projects/amhc-eb2a4/services/cloudfunctions.googleapis.com:enable [omitted]
[debug] [2024-12-20T18:04:32.949Z] Checked if tokens are valid: true, expires at: 1734721238588
[debug] [2024-12-20T18:04:32.949Z] Checked if tokens are valid: true, expires at: 1734721238588
[debug] [2024-12-20T18:04:32.950Z] >>> [apiv2][query] GET https://serviceusage.googleapis.com/v1/projects/amhc-eb2a4/services/cloudfunctions.googleapis.com [none]
[debug] [2024-12-20T18:04:32.950Z] >>> [apiv2][(partial)header] GET https://serviceusage.googleapis.com/v1/projects/amhc-eb2a4/services/cloudfunctions.googleapis.com x-goog-quota-user=projects/amhc-eb2a4
[debug] [2024-12-20T18:04:34.782Z] <<< [apiv2][status] GET https://serviceusage.googleapis.com/v1/projects/amhc-eb2a4/services/cloudfunctions.googleapis.com 200
[debug] [2024-12-20T18:04:34.782Z] <<< [apiv2][body] GET https://serviceusage.googleapis.com/v1/projects/amhc-eb2a4/services/cloudfunctions.googleapis.com [omitted]
[info] Let's create a new codebase for your functions.
[info] A directory corresponding to the codebase will be created in your project
[info] with sample code pre-configured.

[info] See https://firebase.google.com/docs/functions/organize-functions for
[info] more information on organizing your functions using codebases.

[info] Functions can be deployed with firebase deploy.

[info] ✔  Wrote functions/package.json 
[info] ✔  Wrote functions/tsconfig.json 
[info] ✔  Wrote functions/src/index.ts 
[info] ✔  Wrote functions/.gitignore 
[info] 
[error] NPM install failed, continuing with Firebase initialization...
[info] 
=== Hosting Setup
[debug] [2024-12-20T18:06:18.420Z] Checked if tokens are valid: true, expires at: 1734721238588
[debug] [2024-12-20T18:06:18.420Z] Checked if tokens are valid: true, expires at: 1734721238588
[debug] [2024-12-20T18:06:18.422Z] >>> [apiv2][query] GET https://firebase.googleapis.com/v1beta1/projects/amhc-eb2a4 [none]
[debug] [2024-12-20T18:06:19.133Z] <<< [apiv2][status] GET https://firebase.googleapis.com/v1beta1/projects/amhc-eb2a4 200
[debug] [2024-12-20T18:06:19.134Z] <<< [apiv2][body] GET https://firebase.googleapis.com/v1beta1/projects/amhc-eb2a4 {"projectId":"amhc-eb2a4","projectNumber":"594172964291","displayName":"AMHC","name":"projects/amhc-eb2a4","resources":{"hostingSite":"amhc-eb2a4"},"state":"ACTIVE","etag":"1_73424ad8-aa60-4a11-b05e-27a888018e1e"}
[info] 
[info] Your public directory is the folder (relative to your project directory) that
[info] will contain Hosting assets to be uploaded with firebase deploy. If you
[info] have a build process for your assets, use your build's output directory.
[info] 
[debug] [2024-12-20T18:09:32.636Z] >>> [apiv2][query] GET https://www.gstatic.com/firebasejs/releases.json [none]
[debug] [2024-12-20T18:09:33.062Z] <<< [apiv2][status] GET https://www.gstatic.com/firebasejs/releases.json 200
[debug] [2024-12-20T18:09:33.063Z] <<< [apiv2][body] GET https://www.gstatic.com/firebasejs/releases.json {"current":{"version":"11.1.0","browserURL":"https://www.gstatic.com/firebasejs/11.1.0/firebase.js","packageURL":"https://www.gstatic.com/firebasejs/11.1.0/firebase.tgz"},"live":{"version":"11.1","browserURL":"https://www.gstatic.com/firebasejs/live/11.1/firebase.js","packageURL":"https://www.gstatic.com/firebasejs/live/11.1/firebase.tgz"},"components":{"analytics":"https://www.gstatic.com/firebasejs/11.1.0/firebase-analytics.js","app":"https://www.gstatic.com/firebasejs/11.1.0/firebase-app.js","app-check":"https://www.gstatic.com/firebasejs/11.1.0/firebase-app-check.js","auth":"https://www.gstatic.com/firebasejs/11.1.0/firebase-auth.js","auth/cordova":"https://www.gstatic.com/firebasejs/11.1.0/firebase-auth/cordova.js","auth/web-extension":"https://www.gstatic.com/firebasejs/11.1.0/firebase-auth/web-extension.js","functions":"https://www.gstatic.com/firebasejs/11.1.0/firebase-functions.js","firestore":"https://www.gstatic.com/firebasejs/11.1.0/firebase-firestore.js","firestore/lite":"https://www.gstatic.com/firebasejs/11.1.0/firebase-firestore/lite.js","installations":"https://www.gstatic.com/firebasejs/11.1.0/firebase-installations.js","storage":"https://www.gstatic.com/firebasejs/11.1.0/firebase-storage.js","performance":"https://www.gstatic.com/firebasejs/11.1.0/firebase-performance.js","remote-config":"https://www.gstatic.com/firebasejs/11.1.0/firebase-remote-config.js","messaging":"https://www.gstatic.com/firebasejs/11.1.0/firebase-messaging.js","messaging/sw":"https://www.gstatic.com/firebasejs/11.1.0/firebase-messaging/sw.js","database":"https://www.gstatic.com/firebasejs/11.1.0/firebase-database.js","vertexai":"https://www.gstatic.com/firebasejs/11.1.0/firebase-vertexai.js","data-connect":"https://www.gstatic.com/firebasejs/11.1.0/firebase-data-connect.js","firestore.memory":"https://www.gstatic.com/firebasejs/11.1.0/firebase-firestore.memory.js"}}
[info] ✔  Wrote public/index.html 
[info] 
[info] i  Didn't detect a .git folder. Assuming /Users/mac/Documents/Code/amhc is the project root. 
[info] i  Authorizing with GitHub to upload your service account to a GitHub repository's secrets store. 
[info] 
[info] Visit this URL on this device to log in:
[info] https://github.com/login/oauth/authorize?client_id=89cf50f02ac6aaed3484&state=998213100&redirect_uri=http%3A%2F%2Flocalhost%3A9005&scope=read%3Auser%20repo%20public_repo
[info] 
[info] Waiting for authentication...
[debug] [2024-12-20T18:10:23.520Z] >>> [apiv2][query] POST https://github.com/login/oauth/access_token [none]
[debug] [2024-12-20T18:10:23.522Z] >>> [apiv2][body] POST https://github.com/login/oauth/access_token [stream]
[debug] [2024-12-20T18:10:24.969Z] <<< [apiv2][status] POST https://github.com/login/oauth/access_token 200
[debug] [2024-12-20T18:10:24.970Z] <<< [apiv2][body] POST https://github.com/login/oauth/access_token {"access_token":"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","token_type":"bearer","scope":"read:user,repo"}
[debug] [2024-12-20T18:10:24.974Z] >>> [apiv2][query] GET https://api.github.com/user [none]
[debug] [2024-12-20T18:10:26.322Z] <<< [apiv2][status] GET https://api.github.com/user 200
[debug] [2024-12-20T18:10:26.322Z] <<< [apiv2][body] GET https://api.github.com/user {"login":"jeoffreyduke","id":85391775,"node_id":"MDQ6VXNlcjg1MzkxNzc1","avatar_url":"https://avatars.githubusercontent.com/u/85391775?v=4","gravatar_id":"","url":"https://api.github.com/users/jeoffreyduke","html_url":"https://github.com/jeoffreyduke","followers_url":"https://api.github.com/users/jeoffreyduke/followers","following_url":"https://api.github.com/users/jeoffreyduke/following{/other_user}","gists_url":"https://api.github.com/users/jeoffreyduke/gists{/gist_id}","starred_url":"https://api.github.com/users/jeoffreyduke/starred{/owner}{/repo}","subscriptions_url":"https://api.github.com/users/jeoffreyduke/subscriptions","organizations_url":"https://api.github.com/users/jeoffreyduke/orgs","repos_url":"https://api.github.com/users/jeoffreyduke/repos","events_url":"https://api.github.com/users/jeoffreyduke/events{/privacy}","received_events_url":"https://api.github.com/users/jeoffreyduke/received_events","type":"User","user_view_type":"private","site_admin":false,"name":"Jeoffrey Duke","company":null,"blog":"jeoffreyduke.web.app","location":"Nigeria","email":null,"hireable":null,"bio":"I am a creative web developer, who loves to build beautiful and functional applications.","twitter_username":"dukejeoffrey","notification_email":null,"public_repos":33,"public_gists":0,"followers":15,"following":4,"created_at":"2021-06-05T09:35:13Z","updated_at":"2024-12-11T11:00:10Z","private_gists":0,"total_private_repos":8,"owned_private_repos":8,"disk_usage":170470,"collaborators":0,"two_factor_authentication":true,"plan":{"name":"free","space":976562499,"collaborators":0,"private_repos":10000}}
[info] 
[info] ✔  Success! Logged into GitHub as jeoffreyduke 
[info] 
